[0m13:44:15.861025 [debug] [MainThread]: Sending event: {'category': 'dbt', 'action': 'invocation', 'label': 'start', 'context': [<snowplow_tracker.self_describing_json.SelfDescribingJson object at 0x1072b1820>, <snowplow_tracker.self_describing_json.SelfDescribingJson object at 0x110b7d070>, <snowplow_tracker.self_describing_json.SelfDescribingJson object at 0x110b7cad0>]}


============================== 13:44:15.863710 | 2905e075-53ff-41f1-9258-056f7a0e40d5 ==============================
[0m13:44:15.863710 [info ] [MainThread]: Running with dbt=1.11.11
[0m13:44:15.863983 [debug] [MainThread]: running dbt with arguments {'printer_width': '80', 'version_check': 'True', 'target_path': 'None', 'warn_error': 'None', 'send_anonymous_usage_stats': 'True', 'partial_parse': 'True', 'use_colors': 'True', 'log_cache_events': 'False', 'profiles_dir': '/Users/simishrivastava/.dbt', 'warn_error_options': 'WarnErrorOptionsV2(error=[], warn=[], silence=[])', 'invocation_command': 'dbt init dbt_demand', 'empty': 'None', 'static_parser': 'True', 'log_path': 'logs', 'use_experimental_parser': 'False', 'log_format': 'default', 'write_json': 'True', 'cache_selected_only': 'False', 'introspect': 'True', 'indirect_selection': 'eager', 'fail_fast': 'False', 'quiet': 'False', 'debug': 'False', 'no_print': 'None'}
[0m13:44:15.873368 [info ] [MainThread]: Creating dbt configuration folder at /Users/simishrivastava/.dbt
[0m13:44:15.874348 [debug] [MainThread]: Starter project path: /Users/simishrivastava/Projects/causal-demand-forecasting/venv/lib/python3.12/site-packages/dbt/include/starter_project
[0m13:44:15.878903 [info ] [MainThread]: 
Your new dbt project "dbt_demand" was created!

For more information on how to configure the profiles.yml file,
please consult the dbt documentation here:

  https://docs.getdbt.com/docs/configure-your-profile

One more thing:

Need help? Don't hesitate to reach out to us via GitHub issues or on Slack:

  https://community.getdbt.com/

Happy modeling!

[0m13:44:15.879083 [info ] [MainThread]: Setting up your profile.
[0m13:44:48.332604 [debug] [MainThread]: Snowflake adapter: Setting snowflake.connector to ERROR (file logging only)
[0m13:44:48.333833 [debug] [MainThread]: Snowflake adapter: Setting botocore to ERROR (file logging only)
[0m13:44:48.334288 [debug] [MainThread]: Snowflake adapter: Setting boto3 to ERROR (file logging only)
[0m13:47:54.465012 [info ] [MainThread]: Profile dbt_demand written to /Users/simishrivastava/.dbt/profiles.yml using target's profile_template.yml and your supplied values. Run 'dbt debug' to validate the connection.
[0m13:47:54.545633 [debug] [MainThread]: Resource report: {"command_name": "init", "command_success": true, "command_wall_clock_time": 218.7289, "process_in_blocks": "0", "process_kernel_time": 0.477071, "process_mem_max_rss": "206782464", "process_out_blocks": "0", "process_user_time": 1.789896}
[0m13:47:54.548865 [debug] [MainThread]: Command `dbt init` succeeded at 13:47:54.548660 after 218.73 seconds
[0m13:47:54.549920 [debug] [MainThread]: Sending event: {'category': 'dbt', 'action': 'invocation', 'label': 'end', 'context': [<snowplow_tracker.self_describing_json.SelfDescribingJson object at 0x110b7cdd0>, <snowplow_tracker.self_describing_json.SelfDescribingJson object at 0x121460f50>, <snowplow_tracker.self_describing_json.SelfDescribingJson object at 0x116a5cbf0>]}
[0m13:47:54.550754 [debug] [MainThread]: Flushing usage events
[0m13:47:55.004116 [debug] [MainThread]: An error was encountered while trying to flush usage events
